<?xml version="1.0" ?>
<!DOCTYPE coverage SYSTEM "http://cobertura.sourceforge.net/xml/coverage-04.dtd">
<coverage lines-valid="30" lines-covered="20" line-rate="0.6667000000000001" branches-valid="5" branches-covered="4" branch-rate="0.8" timestamp="1613715446080" complexity="0" version="0.1">
  <sources>
    <source>C:\Users\Edzer Padilla\Documents\Nodejs\demo</source>
  </sources>
  <packages>
    <class name="customer.js" filename="src\entities\customer\customer.js" line-rate="0.44439999999999996" branch-rate="0.6667000000000001">
      <methods>
        <method name="(anonymous_0)" hits="1" signature="()V">
          <lines>
            <line number="18" hits="1"/>
          </lines>
        </method>
        <method name="makeCustomer" hits="2" signature="()V">
          <lines>
            <line number="19" hits="2"/>
          </lines>
        </method>
        <method name="(anonymous_2)" hits="1" signature="()V">
          <lines>
            <line number="28" hits="1"/>
          </lines>
        </method>
        <method name="(anonymous_3)" hits="0" signature="()V">
          <lines>
            <line number="29" hits="0"/>
          </lines>
        </method>
        <method name="(anonymous_4)" hits="0" signature="()V">
          <lines>
            <line number="30" hits="0"/>
          </lines>
        </method>
        <method name="(anonymous_5)" hits="0" signature="()V">
          <lines>
            <line number="31" hits="0"/>
          </lines>
        </method>
        <method name="(anonymous_6)" hits="0" signature="()V">
          <lines>
            <line number="32" hits="0"/>
          </lines>
        </method>
        <method name="(anonymous_7)" hits="0" signature="()V">
          <lines>
            <line number="33" hits="0"/>
          </lines>
        </method>
        <method name="(anonymous_8)" hits="0" signature="()V">
          <lines>
            <line number="34" hits="0"/>
          </lines>
        </method>
        <method name="(anonymous_9)" hits="0" signature="()V">
          <lines>
            <line number="35" hits="0"/>
          </lines>
        </method>
        <method name="(anonymous_10)" hits="0" signature="()V">
          <lines>
            <line number="36" hits="0"/>
          </lines>
        </method>
        <method name="(anonymous_11)" hits="0" signature="()V">
          <lines>
            <line number="37" hits="0"/>
          </lines>
        </method>
        <method name="(anonymous_12)" hits="0" signature="()V">
          <lines>
            <line number="38" hits="0"/>
          </lines>
        </method>
      </methods>
      <lines>
        <line number="1" hits="1" branch="false"/>
        <line number="18" hits="1" branch="false"/>
        <line number="19" hits="1" branch="true" condition-coverage="0% (0/1)"/>
        <line number="22" hits="2" branch="false"/>
        <line number="23" hits="2" branch="true" condition-coverage="100% (2/2)"/>
        <line number="24" hits="1" branch="false"/>
        <line number="27" hits="1" branch="false"/>
        <line number="28" hits="1" branch="false"/>
        <line number="29" hits="0" branch="false"/>
        <line number="30" hits="0" branch="false"/>
        <line number="31" hits="0" branch="false"/>
        <line number="32" hits="0" branch="false"/>
        <line number="33" hits="0" branch="false"/>
        <line number="34" hits="0" branch="false"/>
        <line number="35" hits="0" branch="false"/>
        <line number="36" hits="0" branch="false"/>
        <line number="37" hits="0" branch="false"/>
        <line number="38" hits="0" branch="false"/>
      </lines>
    </class>
    <class name="index.js" filename="src\entities\customer\index.js" line-rate="1" branch-rate="1">
      <methods>
        <method name="validateData" hits="2" signature="()V">
          <lines>
            <line number="7" hits="2"/>
          </lines>
        </method>
      </methods>
      <lines>
        <line number="1" hits="1" branch="false"/>
        <line number="2" hits="1" branch="false"/>
        <line number="4" hits="1" branch="false"/>
        <line number="5" hits="1" branch="false"/>
        <line number="8" hits="2" branch="false"/>
        <line number="9" hits="2" branch="false"/>
        <line number="11" hits="2" branch="true" condition-coverage="100% (2/2)"/>
        <line number="12" hits="1" branch="false"/>
        <line number="14" hits="1" branch="false"/>
        <line number="20" hits="1" branch="false"/>
        <line number="23" hits="1" branch="false"/>
        <line number="26" hits="1" branch="false"/>
      </lines>
    </class>
  </packages>
</coverage>
